<?xml version="1.0" encoding="UTF-8"?>
<testng-results skipped="0" failed="0" ignored="0" total="1" passed="1">
  <reporter-output>
  </reporter-output>
  <suite name="Suite" duration-ms="526" started-at="2020-09-14T17:45:38Z" finished-at="2020-09-14T17:45:39Z">
    <groups>
      <group name="cucumber">
        <method signature="AbstractTestNGCucumberTests.feature(cucumber.api.testng.CucumberFeatureWrapper)[pri:0, instance:CucumberOptions.TestRunner@6b9651f3]" name="feature" class="cucumber.api.testng.AbstractTestNGCucumberTests"/>
      </group> <!-- cucumber -->
    </groups>
    <test name="tyr" duration-ms="526" started-at="2020-09-14T17:45:38Z" finished-at="2020-09-14T17:45:39Z">
      <class name="CucumberOptions.TestRunner">
        <test-method status="PASS" signature="setUpClass()[pri:0, instance:CucumberOptions.TestRunner@6b9651f3]" name="setUpClass" is-config="true" duration-ms="348" started-at="2020-09-14T23:15:38Z" finished-at="2020-09-14T23:15:38Z">
          <reporter-output>
          </reporter-output>
        </test-method> <!-- setUpClass -->
        <test-method status="PASS" signature="feature(cucumber.api.testng.CucumberFeatureWrapper)[pri:0, instance:CucumberOptions.TestRunner@6b9651f3]" name="feature" duration-ms="13" started-at="2020-09-14T23:15:39Z" description="Runs Cucumber Feature" data-provider="features" finished-at="2020-09-14T23:15:39Z">
          <params>
            <param index="0">
              <value>
                <![CDATA[Login into Application]]>
              </value>
            </param>
          </params>
          <reporter-output>
          </reporter-output>
        </test-method> <!-- feature -->
        <test-method status="PASS" signature="tearDownClass()[pri:0, instance:CucumberOptions.TestRunner@6b9651f3]" name="tearDownClass" is-config="true" duration-ms="20" started-at="2020-09-14T23:15:39Z" finished-at="2020-09-14T23:15:39Z">
          <reporter-output>
          </reporter-output>
        </test-method> <!-- tearDownClass -->
      </class> <!-- CucumberOptions.TestRunner -->
    </test> <!-- tyr -->
  </suite> <!-- Suite -->
</testng-results>
