<?xml version="1.0" encoding="UTF-8"?>
<!-- Generated by org.testng.reporters.JUnitXMLReporter -->
<testsuite hostname="DESKTOP-4PN7GR3" ignored="0" tests="4" failures="0" timestamp="2020-09-11T11:22:02 IST" time="168.578" errors="0">
  <testcase name="validate" time="0.451" classname="validateNavigationBar"/>
  <testcase name="basePageNavigation" time="48.962" classname="HomePage"/>
  <testcase name="basePageNavigation" time="7.298" classname="HomePage"/>
  <testcase name="validate" time="0.117" classname="validateAssertions"/>
</testsuite>
