<?xml version="1.0" encoding="UTF-8"?>
<!-- Generated by org.testng.reporters.JUnitXMLReporter -->
<testsuite hostname="DESKTOP-4PN7GR3" ignored="0" tests="4" failures="0" timestamp="11 Sep 2020 06:18:24 GMT" time="202.251" errors="0">
  <testcase name="validate" time="1.003" classname="validateNavigationBar"/>
  <testcase name="basePageNavigation" time="71.739" classname="HomePage"/>
  <testcase name="basePageNavigation" time="9.06" classname="HomePage"/>
  <testcase name="validate" time="0.092" classname="validateAssertions"/>
</testsuite>
